{
  "Cucumber Features": {
    "coverage": {
      "/home/ubuntu/workspace/cs169-pgm/app/controllers/projects_controller.rb": [
        1,
        1,
        null,
        null,
        1,
        2,
        1,
        1,
        1,
        null,
        null,
        null,
        1,
        null,
        null,
        null
      ],
      "/home/ubuntu/workspace/cs169-pgm/app/controllers/application_controller.rb": [
        1,
        null,
        null,
        1,
        null
      ],
      "/home/ubuntu/workspace/cs169-pgm/app/helpers/application_helper.rb": [
        1,
        null
      ],
      "/home/ubuntu/workspace/cs169-pgm/app/helpers/groups_helper.rb": [
        1,
        null,
        null,
        1,
        0,
        0,
        null,
        0,
        0,
        0,
        null,
        null,
        null,
        1,
        0,
        null,
        null,
        null
      ],
      "/home/ubuntu/workspace/cs169-pgm/app/helpers/matches_helper.rb": [
        1,
        1,
        0,
        0,
        0,
        null,
        0,
        null,
        0,
        null,
        0,
        null,
        0,
        null,
        0,
        null,
        0,
        null,
        0,
        null,
        0,
        null,
        null,
        null,
        null
      ],
      "/home/ubuntu/workspace/cs169-pgm/app/helpers/projects_helper.rb": [
        1,
        null
      ],
      "/home/ubuntu/workspace/cs169-pgm/app/models/project.rb": [
        1,
        null
      ],
      "/home/ubuntu/workspace/cs169-pgm/app/controllers/matches_controller.rb": [
        1,
        null,
        1,
        0,
        null,
        null,
        1,
        null,
        null,
        1,
        3,
        3,
        null,
        null,
        1,
        3,
        null,
        null,
        null
      ],
      "/home/ubuntu/workspace/cs169-pgm/app/models/group.rb": [
        1,
        null
      ]
    },
    "timestamp": 1478129283
  },
  "RSpec": {
    "coverage": {
      "/home/ubuntu/workspace/cs169-pgm/app/helpers/application_helper.rb": [
        1,
        null
      ],
      "/home/ubuntu/workspace/cs169-pgm/app/helpers/groups_helper.rb": [
        1,
        null,
        null,
        1,
        2,
        1,
        null,
        1,
        1,
        1,
        null,
        null,
        null,
        null
      ],
      "/home/ubuntu/workspace/cs169-pgm/app/helpers/matches_helper.rb": [
        1,
        1,
        8,
        8,
        8,
        null,
        1,
        null,
        1,
        null,
        1,
        null,
        1,
        null,
        1,
        null,
        1,
        null,
        1,
        null,
        1,
        null,
        null,
        null,
        null
      ],
      "/home/ubuntu/workspace/cs169-pgm/app/helpers/projects_helper.rb": [
        1,
        null
      ],
      "/home/ubuntu/workspace/cs169-pgm/app/models/project.rb": [
        1,
        null
      ],
      "/home/ubuntu/workspace/cs169-pgm/app/models/group.rb": [
        1,
        null
      ]
    },
    "timestamp": 1478131276
  }
}
